生成启动时间为 2015/9/10 20:18:22。
     1>项目“D:\Github\small_examples\Windows\算法练习\算法练习\算法练习.vcxproj”在节点 2 上(Build 个目标)。
     1>InitializeBuildStatus:
         正在对“Debug\算法练习.tlog\unsuccessfulbuild”执行 Touch 任务。
       ClCompile:
         C:\Program Files (x86)\Microsoft Visual Studio 12.0\VC\bin\CL.exe /c /ZI /nologo /W3 /WX- /sdl /Od /Oy- /D WIN32 /D _DEBUG /D _CONSOLE /D _LIB /D _CRT_SECURE_NO_WARNINGS /D _UNICODE /D UNICODE /Gm /EHsc /RTC1 /MDd /GS /fp:precise /Zc:wchar_t /Zc:forScope /Fo"Debug\\" /Fd"Debug\vc120.pdb" /Gd /TP /analyze- /errorReport:prompt main.cpp
         main.cpp
     1>d:\github\small_examples\windows\算法练习\算法练习\algorithm.h(98): warning C4018: “<”: 有符号/无符号不匹配
     1>d:\github\small_examples\windows\算法练习\算法练习\algorithm.h(394): warning C4018: “<”: 有符号/无符号不匹配
     1>d:\github\small_examples\windows\算法练习\算法练习\algorithm.h(579): warning C4018: “<”: 有符号/无符号不匹配
     1>d:\github\small_examples\windows\算法练习\算法练习\algorithm.h(585): warning C4018: “<”: 有符号/无符号不匹配
     1>d:\github\small_examples\windows\算法练习\算法练习\algorithm.h(707): warning C4018: “>”: 有符号/无符号不匹配
     1>d:\github\small_examples\windows\算法练习\算法练习\algorithm.h(886): warning C4018: “<”: 有符号/无符号不匹配
     1>d:\github\small_examples\windows\算法练习\算法练习\algorithm.h(984): warning C4018: “<”: 有符号/无符号不匹配
     1>d:\github\small_examples\windows\算法练习\算法练习\algorithm.h(1115): warning C4018: “<”: 有符号/无符号不匹配
     1>d:\github\small_examples\windows\算法练习\算法练习\algorithm.h(1121): warning C4018: “<”: 有符号/无符号不匹配
     1>d:\github\small_examples\windows\算法练习\算法练习\algorithm.h(1702): warning C4018: “<”: 有符号/无符号不匹配
     1>d:\github\small_examples\windows\算法练习\算法练习\algorithm.h(1705): warning C4018: “<=”: 有符号/无符号不匹配
     1>d:\github\small_examples\windows\算法练习\算法练习\algorithm.h(1877): warning C4018: “<”: 有符号/无符号不匹配
     1>d:\github\small_examples\windows\算法练习\算法练习\algorithm.h(1879): warning C4018: “<”: 有符号/无符号不匹配
     1>d:\github\small_examples\windows\算法练习\算法练习\algorithm.h(1910): warning C4018: “<”: 有符号/无符号不匹配
       Link:
         C:\Program Files (x86)\Microsoft Visual Studio 12.0\VC\bin\link.exe /ERRORREPORT:PROMPT /OUT:"D:\Github\small_examples\Windows\算法练习\Debug\算法练习.exe" /INCREMENTAL /NOLOGO kernel32.lib user32.lib gdi32.lib winspool.lib comdlg32.lib advapi32.lib shell32.lib ole32.lib oleaut32.lib uuid.lib odbc32.lib odbccp32.lib /MANIFEST /MANIFESTUAC:"level='asInvoker' uiAccess='false'" /manifest:embed /DEBUG /PDB:"D:\Github\small_examples\Windows\算法练习\Debug\算法练习.pdb" /SUBSYSTEM:CONSOLE /TLBID:1 /DYNAMICBASE /NXCOMPAT /IMPLIB:"D:\Github\small_examples\Windows\算法练习\Debug\算法练习.lib" /MACHINE:X86 Debug\main.obj
         算法练习.vcxproj -> D:\Github\small_examples\Windows\算法练习\Debug\算法练习.exe
       FinalizeBuildStatus:
         正在删除文件“Debug\算法练习.tlog\unsuccessfulbuild”。
         正在对“Debug\算法练习.tlog\算法练习.lastbuildstate”执行 Touch 任务。
     1>已完成生成项目“D:\Github\small_examples\Windows\算法练习\算法练习\算法练习.vcxproj”(Build 个目标)的操作。

生成成功。

已用时间 00:00:01.06
